# JRE version: Java(TM) SE Runtime Environment (7.0_79-b15) (build 1.7.0_79-b15)
# Java VM: Java HotSpot(TM) 64-Bit Server VM (24.79-b02 mixed mode windows-amd64 compressed oops)
Heap
 PSYoungGen      total 91648K, used 26242K [0x00000000eaa80000, 0x00000000f4500000, 0x0000000100000000)
  eden space 82944K, 31% used [0x00000000eaa80000,0x00000000ec420878,0x00000000efb80000)
  from space 8704K, 0% used [0x00000000f3c80000,0x00000000f3c80000,0x00000000f4500000)
  to   space 20992K, 0% used [0x00000000f1c00000,0x00000000f1c00000,0x00000000f3080000)
 ParOldGen       total 105472K, used 53983K [0x00000000c0000000, 0x00000000c6700000, 0x00000000eaa80000)
  object space 105472K, 51% used [0x00000000c0000000,0x00000000c34b7e10,0x00000000c6700000)
 PSPermGen       total 98816K, used 49333K [0x00000000b0000000, 0x00000000b6080000, 0x00000000c0000000)
  object space 98816K, 49% used [0x00000000b0000000,0x00000000b302d740,0x00000000b6080000)
GC Heap History (10 events):
Event: 17.100 GC heap before
{Heap before GC invocations=9 (full 0):
 PSYoungGen      total 103424K, used 103408K [0x00000000eaa80000, 0x00000000f2700000, 0x0000000100000000)
  eden space 92672K, 100% used [0x00000000eaa80000,0x00000000f0500000,0x00000000f0500000)
  from space 10752K, 99% used [0x00000000f1500000,0x00000000f1f7c1a0,0x00000000f1f80000)
  to   space 16384K, 0% used [0x00000000f0500000,0x00000000f0500000,0x00000000f1500000)
 ParOldGen       total 62976K, used 21245K [0x00000000c0000000, 0x00000000c3d80000, 0x00000000eaa80000)
  object space 62976K, 33% used [0x00000000c0000000,0x00000000c14bf7a8,0x00000000c3d80000)
 PSPermGen       total 39936K, used 39853K [0x00000000b0000000, 0x00000000b2700000, 0x00000000c0000000)
  object space 39936K, 99% used [0x00000000b0000000,0x00000000b26eb750,0x00000000b2700000)
Event: 17.146 GC heap after
Heap after GC invocations=9 (full 0):
 PSYoungGen      total 109056K, used 16367K [0x00000000eaa80000, 0x00000000f6380000, 0x0000000100000000)
  eden space 92672K, 0% used [0x00000000eaa80000,0x00000000eaa80000,0x00000000f0500000)
  from space 16384K, 99% used [0x00000000f0500000,0x00000000f14fbcc8,0x00000000f1500000)
  to   space 20480K, 0% used [0x00000000f4f80000,0x00000000f4f80000,0x00000000f6380000)
 ParOldGen       total 62976K, used 25531K [0x00000000c0000000, 0x00000000c3d80000, 0x00000000eaa80000)
  object space 62976K, 40% used [0x00000000c0000000,0x00000000c18eed50,0x00000000c3d80000)
 PSPermGen       total 39936K, used 39853K [0x00000000b0000000, 0x00000000b2700000, 0x00000000c0000000)
  object space 39936K, 99% used [0x00000000b0000000,0x00000000b26eb750,0x00000000b2700000)
}
Event: 25.489 GC heap before
{Heap before GC invocations=10 (full 0):
 PSYoungGen      total 109056K, used 109039K [0x00000000eaa80000, 0x00000000f6380000, 0x0000000100000000)
  eden space 92672K, 100% used [0x00000000eaa80000,0x00000000f0500000,0x00000000f0500000)
  from space 16384K, 99% used [0x00000000f0500000,0x00000000f14fbcc8,0x00000000f1500000)
  to   space 20480K, 0% used [0x00000000f4f80000,0x00000000f4f80000,0x00000000f6380000)
 ParOldGen       total 62976K, used 25531K [0x00000000c0000000, 0x00000000c3d80000, 0x00000000eaa80000)
  object space 62976K, 40% used [0x00000000c0000000,0x00000000c18eed50,0x00000000c3d80000)
 PSPermGen       total 46080K, used 45998K [0x00000000b0000000, 0x00000000b2d00000, 0x00000000c0000000)
  object space 46080K, 99% used [0x00000000b0000000,0x00000000b2ceb8a8,0x00000000b2d00000)
Event: 25.531 GC heap after
Heap after GC invocations=10 (full 0):
 PSYoungGen      total 107520K, used 17945K [0x00000000eaa80000, 0x00000000f6180000, 0x0000000100000000)
  eden space 89088K, 0% used [0x00000000eaa80000,0x00000000eaa80000,0x00000000f0180000)
  from space 18432K, 97% used [0x00000000f4f80000,0x00000000f6106440,0x00000000f6180000)
  to   space 22528K, 0% used [0x00000000f3580000,0x00000000f3580000,0x00000000f4b80000)
 ParOldGen       total 62976K, used 34390K [0x00000000c0000000, 0x00000000c3d80000, 0x00000000eaa80000)
  object space 62976K, 54% used [0x00000000c0000000,0x00000000c2195be0,0x00000000c3d80000)
 PSPermGen       total 46080K, used 45998K [0x00000000b0000000, 0x00000000b2d00000, 0x00000000c0000000)
  object space 46080K, 99% used [0x00000000b0000000,0x00000000b2ceb8a8,0x00000000b2d00000)
}
Event: 52.191 GC heap before
{Heap before GC invocations=11 (full 0):
 PSYoungGen      total 107520K, used 107033K [0x00000000eaa80000, 0x00000000f6180000, 0x0000000100000000)
  eden space 89088K, 100% used [0x00000000eaa80000,0x00000000f0180000,0x00000000f0180000)
  from space 18432K, 97% used [0x00000000f4f80000,0x00000000f6106440,0x00000000f6180000)
  to   space 22528K, 0% used [0x00000000f3580000,0x00000000f3580000,0x00000000f4b80000)
 ParOldGen       total 62976K, used 34390K [0x00000000c0000000, 0x00000000c3d80000, 0x00000000eaa80000)
  object space 62976K, 54% used [0x00000000c0000000,0x00000000c2195be0,0x00000000c3d80000)
 PSPermGen       total 48128K, used 47738K [0x00000000b0000000, 0x00000000b2f00000, 0x00000000c0000000)
  object space 48128K, 99% used [0x00000000b0000000,0x00000000b2e9e9e0,0x00000000b2f00000)
Event: 52.223 GC heap after
Heap after GC invocations=11 (full 0):
 PSYoungGen      total 93184K, used 7056K [0x00000000eaa80000, 0x00000000f5000000, 0x0000000100000000)
  eden space 86016K, 0% used [0x00000000eaa80000,0x00000000eaa80000,0x00000000efe80000)
  from space 7168K, 98% used [0x00000000f3580000,0x00000000f3c641f0,0x00000000f3c80000)
  to   space 19968K, 0% used [0x00000000f3c80000,0x00000000f3c80000,0x00000000f5000000)
 ParOldGen       total 62976K, used 48780K [0x00000000c0000000, 0x00000000c3d80000, 0x00000000eaa80000)
  object space 62976K, 77% used [0x00000000c0000000,0x00000000c2fa31f8,0x00000000c3d80000)
 PSPermGen       total 48128K, used 47738K [0x00000000b0000000, 0x00000000b2f00000, 0x00000000c0000000)
  object space 48128K, 99% used [0x00000000b0000000,0x00000000b2e9e9e0,0x00000000b2f00000)
}
Event: 55.576 GC heap before
{Heap before GC invocations=12 (full 0):
 PSYoungGen      total 93184K, used 93072K [0x00000000eaa80000, 0x00000000f5000000, 0x0000000100000000)
  eden space 86016K, 100% used [0x00000000eaa80000,0x00000000efe80000,0x00000000efe80000)
  from space 7168K, 98% used [0x00000000f3580000,0x00000000f3c641f0,0x00000000f3c80000)
  to   space 19968K, 0% used [0x00000000f3c80000,0x00000000f3c80000,0x00000000f5000000)
 ParOldGen       total 62976K, used 48780K [0x00000000c0000000, 0x00000000c3d80000, 0x00000000eaa80000)
  object space 62976K, 77% used [0x00000000c0000000,0x00000000c2fa31f8,0x00000000c3d80000)
 PSPermGen       total 49664K, used 49307K [0x00000000b0000000, 0x00000000b3080000, 0x00000000c0000000)
  object space 49664K, 99% used [0x00000000b0000000,0x00000000b3026c78,0x00000000b3080000)
Event: 55.602 GC heap after
Heap after GC invocations=12 (full 0):
 PSYoungGen      total 91648K, used 8423K [0x00000000eaa80000, 0x00000000f4500000, 0x0000000100000000)
  eden space 82944K, 0% used [0x00000000eaa80000,0x00000000eaa80000,0x00000000efb80000)
  from space 8704K, 96% used [0x00000000f3c80000,0x00000000f44b9c00,0x00000000f4500000)
  to   space 20992K, 0% used [0x00000000f1c00000,0x00000000f1c00000,0x00000000f3080000)
 ParOldGen       total 62976K, used 53654K [0x00000000c0000000, 0x00000000c3d80000, 0x00000000eaa80000)
  object space 62976K, 85% used [0x00000000c0000000,0x00000000c3465a08,0x00000000c3d80000)
 PSPermGen       total 49664K, used 49307K [0x00000000b0000000, 0x00000000b3080000, 0x00000000c0000000)
  object space 49664K, 99% used [0x00000000b0000000,0x00000000b3026c78,0x00000000b3080000)
}
Event: 55.618 GC heap before
{Heap before GC invocations=13 (full 1):
 PSYoungGen      total 91648K, used 8423K [0x00000000eaa80000, 0x00000000f4500000, 0x0000000100000000)
  eden space 82944K, 0% used [0x00000000eaa80000,0x00000000eaa80000,0x00000000efb80000)
  from space 8704K, 96% used [0x00000000f3c80000,0x00000000f44b9c00,0x00000000f4500000)
  to   space 20992K, 0% used [0x00000000f1c00000,0x00000000f1c00000,0x00000000f3080000)
 ParOldGen       total 62976K, used 53654K [0x00000000c0000000, 0x00000000c3d80000, 0x00000000eaa80000)
  object space 62976K, 85% used [0x00000000c0000000,0x00000000c3465a08,0x00000000c3d80000)
 PSPermGen       total 49664K, used 49307K [0x00000000b0000000, 0x00000000b3080000, 0x00000000c0000000)
  object space 49664K, 99% used [0x00000000b0000000,0x00000000b3026c78,0x00000000b3080000)
Event: 56.121 GC heap after
Heap after GC invocations=13 (full 1):
 PSYoungGen      total 91648K, used 0K [0x00000000eaa80000, 0x00000000f4500000, 0x0000000100000000)
  eden space 82944K, 0% used [0x00000000eaa80000,0x00000000eaa80000,0x00000000efb80000)
  from space 8704K, 0% used [0x00000000f3c80000,0x00000000f3c80000,0x00000000f4500000)
  to   space 20992K, 0% used [0x00000000f1c00000,0x00000000f1c00000,0x00000000f3080000)
 ParOldGen       total 105472K, used 53983K [0x00000000c0000000, 0x00000000c6700000, 0x00000000eaa80000)
  object space 105472K, 51% used [0x00000000c0000000,0x00000000c34b7e10,0x00000000c6700000)
 PSPermGen       total 98816K, used 49279K [0x00000000b0000000, 0x00000000b6080000, 0x00000000c0000000)
  object space 98816K, 49% used [0x00000000b0000000,0x00000000b301fdf0,0x00000000b6080000)
}

