# JRE version: Java(TM) SE Runtime Environment (7.0_79-b15) (build 1.7.0_79-b15)
# Java VM: Java HotSpot(TM) 64-Bit Server VM (24.79-b02 mixed mode windows-amd64 compressed oops)
Heap
 PSYoungGen      total 101888K, used 74369K [0x00000000eaa80000, 0x00000000f4e80000, 0x0000000100000000)
  eden space 90112K, 72% used [0x00000000eaa80000,0x00000000eea96558,0x00000000f0280000)
  from space 11776K, 74% used [0x00000000f0280000,0x00000000f0b0a148,0x00000000f0e00000)
  to   space 11776K, 0% used [0x00000000f4300000,0x00000000f4300000,0x00000000f4e80000)
 ParOldGen       total 62976K, used 28958K [0x00000000c0000000, 0x00000000c3d80000, 0x00000000eaa80000)
  object space 62976K, 45% used [0x00000000c0000000,0x00000000c1c47980,0x00000000c3d80000)
 PSPermGen       total 43008K, used 42529K [0x00000000b0000000, 0x00000000b2a00000, 0x00000000c0000000)
  object space 43008K, 98% used [0x00000000b0000000,0x00000000b2988708,0x00000000b2a00000)
GC Heap History (10 events):
Event: 7.167 GC heap before
{Heap before GC invocations=7 (full 0):
 PSYoungGen      total 57856K, used 55568K [0x00000000eaa80000, 0x00000000eeb80000, 0x0000000100000000)
  eden space 49152K, 100% used [0x00000000eaa80000,0x00000000eda80000,0x00000000eda80000)
  from space 8704K, 73% used [0x00000000ee300000,0x00000000ee9442f0,0x00000000eeb80000)
  to   space 8704K, 0% used [0x00000000eda80000,0x00000000eda80000,0x00000000ee300000)
 ParOldGen       total 62976K, used 10574K [0x00000000c0000000, 0x00000000c3d80000, 0x00000000eaa80000)
  object space 62976K, 16% used [0x00000000c0000000,0x00000000c0a53b50,0x00000000c3d80000)
 PSPermGen       total 26112K, used 25810K [0x00000000b0000000, 0x00000000b1980000, 0x00000000c0000000)
  object space 26112K, 98% used [0x00000000b0000000,0x00000000b1934ab0,0x00000000b1980000)
Event: 7.185 GC heap after
Heap after GC invocations=7 (full 0):
 PSYoungGen      total 57856K, used 7342K [0x00000000eaa80000, 0x00000000f1c80000, 0x0000000100000000)
  eden space 49152K, 0% used [0x00000000eaa80000,0x00000000eaa80000,0x00000000eda80000)
  from space 8704K, 84% used [0x00000000eda80000,0x00000000ee1aba48,0x00000000ee300000)
  to   space 9216K, 0% used [0x00000000f1380000,0x00000000f1380000,0x00000000f1c80000)
 ParOldGen       total 62976K, used 11659K [0x00000000c0000000, 0x00000000c3d80000, 0x00000000eaa80000)
  object space 62976K, 18% used [0x00000000c0000000,0x00000000c0b62c98,0x00000000c3d80000)
 PSPermGen       total 26112K, used 25810K [0x00000000b0000000, 0x00000000b1980000, 0x00000000c0000000)
  object space 26112K, 98% used [0x00000000b0000000,0x00000000b1934ab0,0x00000000b1980000)
}
Event: 11.972 GC heap before
{Heap before GC invocations=8 (full 0):
 PSYoungGen      total 57856K, used 56494K [0x00000000eaa80000, 0x00000000f1c80000, 0x0000000100000000)
  eden space 49152K, 100% used [0x00000000eaa80000,0x00000000eda80000,0x00000000eda80000)
  from space 8704K, 84% used [0x00000000eda80000,0x00000000ee1aba48,0x00000000ee300000)
  to   space 9216K, 0% used [0x00000000f1380000,0x00000000f1380000,0x00000000f1c80000)
 ParOldGen       total 62976K, used 11659K [0x00000000c0000000, 0x00000000c3d80000, 0x00000000eaa80000)
  object space 62976K, 18% used [0x00000000c0000000,0x00000000c0b62c98,0x00000000c3d80000)
 PSPermGen       total 28160K, used 27780K [0x00000000b0000000, 0x00000000b1b80000, 0x00000000c0000000)
  object space 28160K, 98% used [0x00000000b0000000,0x00000000b1b213a8,0x00000000b1b80000)
Event: 11.986 GC heap after
Heap after GC invocations=8 (full 0):
 PSYoungGen      total 54784K, used 6742K [0x00000000eaa80000, 0x00000000f1a80000, 0x0000000100000000)
  eden space 47616K, 0% used [0x00000000eaa80000,0x00000000eaa80000,0x00000000ed900000)
  from space 7168K, 94% used [0x00000000f1380000,0x00000000f1a15830,0x00000000f1a80000)
  to   space 9216K, 0% used [0x00000000f0880000,0x00000000f0880000,0x00000000f1180000)
 ParOldGen       total 62976K, used 13396K [0x00000000c0000000, 0x00000000c3d80000, 0x00000000eaa80000)
  object space 62976K, 21% used [0x00000000c0000000,0x00000000c0d15038,0x00000000c3d80000)
 PSPermGen       total 28160K, used 27780K [0x00000000b0000000, 0x00000000b1b80000, 0x00000000c0000000)
  object space 28160K, 98% used [0x00000000b0000000,0x00000000b1b213a8,0x00000000b1b80000)
}
Event: 12.794 GC heap before
{Heap before GC invocations=9 (full 0):
 PSYoungGen      total 54784K, used 54358K [0x00000000eaa80000, 0x00000000f1a80000, 0x0000000100000000)
  eden space 47616K, 100% used [0x00000000eaa80000,0x00000000ed900000,0x00000000ed900000)
  from space 7168K, 94% used [0x00000000f1380000,0x00000000f1a15830,0x00000000f1a80000)
  to   space 9216K, 0% used [0x00000000f0880000,0x00000000f0880000,0x00000000f1180000)
 ParOldGen       total 62976K, used 13396K [0x00000000c0000000, 0x00000000c3d80000, 0x00000000eaa80000)
  object space 62976K, 21% used [0x00000000c0000000,0x00000000c0d15038,0x00000000c3d80000)
 PSPermGen       total 30208K, used 29861K [0x00000000b0000000, 0x00000000b1d80000, 0x00000000c0000000)
  object space 30208K, 98% used [0x00000000b0000000,0x00000000b1d29540,0x00000000b1d80000)
Event: 12.808 GC heap after
Heap after GC invocations=9 (full 0):
 PSYoungGen      total 81920K, used 5502K [0x00000000eaa80000, 0x00000000f1400000, 0x0000000100000000)
  eden space 76288K, 0% used [0x00000000eaa80000,0x00000000eaa80000,0x00000000ef500000)
  from space 5632K, 97% used [0x00000000f0880000,0x00000000f0ddfad8,0x00000000f0e00000)
  to   space 6144K, 0% used [0x00000000f0e00000,0x00000000f0e00000,0x00000000f1400000)
 ParOldGen       total 62976K, used 15396K [0x00000000c0000000, 0x00000000c3d80000, 0x00000000eaa80000)
  object space 62976K, 24% used [0x00000000c0000000,0x00000000c0f09038,0x00000000c3d80000)
 PSPermGen       total 30208K, used 29861K [0x00000000b0000000, 0x00000000b1d80000, 0x00000000c0000000)
  object space 30208K, 98% used [0x00000000b0000000,0x00000000b1d29540,0x00000000b1d80000)
}
Event: 14.829 GC heap before
{Heap before GC invocations=10 (full 0):
 PSYoungGen      total 81920K, used 81790K [0x00000000eaa80000, 0x00000000f1400000, 0x0000000100000000)
  eden space 76288K, 100% used [0x00000000eaa80000,0x00000000ef500000,0x00000000ef500000)
  from space 5632K, 97% used [0x00000000f0880000,0x00000000f0ddfad8,0x00000000f0e00000)
  to   space 6144K, 0% used [0x00000000f0e00000,0x00000000f0e00000,0x00000000f1400000)
 ParOldGen       total 62976K, used 15396K [0x00000000c0000000, 0x00000000c3d80000, 0x00000000eaa80000)
  object space 62976K, 24% used [0x00000000c0000000,0x00000000c0f09038,0x00000000c3d80000)
 PSPermGen       total 37376K, used 36972K [0x00000000b0000000, 0x00000000b2480000, 0x00000000c0000000)
  object space 37376K, 98% used [0x00000000b0000000,0x00000000b241b258,0x00000000b2480000)
Event: 14.854 GC heap after
Heap after GC invocations=10 (full 0):
 PSYoungGen      total 96256K, used 6133K [0x00000000eaa80000, 0x00000000f3900000, 0x0000000100000000)
  eden space 90112K, 0% used [0x00000000eaa80000,0x00000000eaa80000,0x00000000f0280000)
  from space 6144K, 99% used [0x00000000f0e00000,0x00000000f13fd6e8,0x00000000f1400000)
  to   space 11776K, 0% used [0x00000000f0280000,0x00000000f0280000,0x00000000f0e00000)
 ParOldGen       total 62976K, used 22998K [0x00000000c0000000, 0x00000000c3d80000, 0x00000000eaa80000)
  object space 62976K, 36% used [0x00000000c0000000,0x00000000c1675bf0,0x00000000c3d80000)
 PSPermGen       total 37376K, used 36972K [0x00000000b0000000, 0x00000000b2480000, 0x00000000c0000000)
  object space 37376K, 98% used [0x00000000b0000000,0x00000000b241b258,0x00000000b2480000)
}
Event: 18.129 GC heap before
{Heap before GC invocations=11 (full 0):
 PSYoungGen      total 96256K, used 96245K [0x00000000eaa80000, 0x00000000f3900000, 0x0000000100000000)
  eden space 90112K, 100% used [0x00000000eaa80000,0x00000000f0280000,0x00000000f0280000)
  from space 6144K, 99% used [0x00000000f0e00000,0x00000000f13fd6e8,0x00000000f1400000)
  to   space 11776K, 0% used [0x00000000f0280000,0x00000000f0280000,0x00000000f0e00000)
 ParOldGen       total 62976K, used 22998K [0x00000000c0000000, 0x00000000c3d80000, 0x00000000eaa80000)
  object space 62976K, 36% used [0x00000000c0000000,0x00000000c1675bf0,0x00000000c3d80000)
 PSPermGen       total 38912K, used 38902K [0x00000000b0000000, 0x00000000b2600000, 0x00000000c0000000)
  object space 38912K, 99% used [0x00000000b0000000,0x00000000b25fd918,0x00000000b2600000)
Event: 18.153 GC heap after
Heap after GC invocations=11 (full 0):
 PSYoungGen      total 101888K, used 8744K [0x00000000eaa80000, 0x00000000f4e80000, 0x0000000100000000)
  eden space 90112K, 0% used [0x00000000eaa80000,0x00000000eaa80000,0x00000000f0280000)
  from space 11776K, 74% used [0x00000000f0280000,0x00000000f0b0a148,0x00000000f0e00000)
  to   space 11776K, 0% used [0x00000000f4300000,0x00000000f4300000,0x00000000f4e80000)
 ParOldGen       total 62976K, used 28958K [0x00000000c0000000, 0x00000000c3d80000, 0x00000000eaa80000)
  object space 62976K, 45% used [0x00000000c0000000,0x00000000c1c47980,0x00000000c3d80000)
 PSPermGen       total 38912K, used 38902K [0x00000000b0000000, 0x00000000b2600000, 0x00000000c0000000)
  object space 38912K, 99% used [0x00000000b0000000,0x00000000b25fd918,0x00000000b2600000)
}

